<?xml version="1.0" encoding="UTF-8"?>
<!-- Generated by org.testng.reporters.JUnitXMLReporter -->
<testsuite ignored="0" hostname="VivekRaj" failures="0" tests="2" name="Default test" time="23.597" errors="0" timestamp="2025-06-09T23:15:25 IST">
  <testcase classname="vivekacademy.SeleniumFrameworkDesign.ErrorValidations" name="loginErrorValidation" time="1.102"/>
  <testcase classname="vivekacademy.SeleniumFrameworkDesign.ErrorValidations" name="productErrorValidations" time="11.223"/>
</testsuite> <!-- Default test -->
