<?xml version="1.0" encoding="UTF-8"?>
<!-- Generated by org.testng.reporters.JUnitXMLReporter -->
<testsuite ignored="2" hostname="VivekRaj" failures="0" tests="0" time="0.013" errors="0" timestamp="2025-06-09T22:26:49 IST">
  <testcase classname="vivekacademy.SeleniumFrameworkDesign.ErrorValidations" name="loginErrorValidation" time="0.0">
    <ignored/>
  </testcase> <!-- loginErrorValidation -->
  <testcase classname="vivekacademy.SeleniumFrameworkDesign.ErrorValidations" name="productErrorValidations" time="0.0">
    <ignored/>
  </testcase> <!-- productErrorValidations -->
</testsuite>
