<?xml version="1.0" encoding="UTF-8"?>
<!-- Generated by org.testng.reporters.JUnitXMLReporter -->
<testsuite ignored="1" hostname="VivekRaj" failures="0" tests="2" name="SubmitOrder test" time="29.596" errors="0" timestamp="2025-06-09T22:27:19 IST">
  <testcase classname="vivekacademy.SeleniumFrameworkDesign.FullClass" name="submitOrder" time="9.619"/>
  <testcase classname="vivekacademy.SeleniumFrameworkDesign.FullClass" name="submitOrder" time="9.59"/>
  <testcase classname="vivekacademy.SeleniumFrameworkDesign.FullClass" name="verifyOrders" time="0.0">
    <ignored/>
  </testcase> <!-- verifyOrders -->
</testsuite> <!-- SubmitOrder test -->
