<?xml version="1.0" encoding="UTF-8"?>
<!-- Generated by org.testng.reporters.JUnitXMLReporter -->
<testsuite ignored="1" hostname="VivekRaj" failures="0" tests="1" name="ErrorValidation test" time="7.257" errors="0" timestamp="2025-06-09T23:11:53 IST">
  <testcase classname="vivekacademy.SeleniumFrameworkDesign.ErrorValidations" name="loginErrorValidation" time="0.529"/>
  <testcase classname="vivekacademy.SeleniumFrameworkDesign.ErrorValidations" name="productErrorValidations" time="0.0">
    <ignored/>
  </testcase> <!-- productErrorValidations -->
</testsuite> <!-- ErrorValidation test -->
