<?xml version="1.0" encoding="UTF-8"?>
<!-- Generated by org.testng.reporters.JUnitXMLReporter -->
<testsuite ignored="2" hostname="VivekRaj" failures="0" tests="0" time="0.02" errors="0" timestamp="2025-06-09T23:11:46 IST">
  <testcase classname="vivekacademy.SeleniumFrameworkDesign.FullClass" name="submitOrder" time="0.0">
    <ignored/>
  </testcase> <!-- submitOrder -->
  <testcase classname="vivekacademy.SeleniumFrameworkDesign.FullClass" name="verifyOrders" time="0.0">
    <ignored/>
  </testcase> <!-- verifyOrders -->
</testsuite>
