<?xml version="1.0" encoding="UTF-8"?>
<testng-results ignored="3" total="4" passed="1" failed="0" skipped="0">
  <reporter-output>
  </reporter-output>
  <suite started-at="2025-06-09T23:11:46 IST" name="Suite" finished-at="2025-06-09T23:11:53 IST" duration-ms="7257">
    <groups>
      <group name="ErrorHandling">
        <method signature="ErrorValidations.loginErrorValidation()[pri:0, instance:vivekacademy.SeleniumFrameworkDesign.ErrorValidations@1165b38]" name="loginErrorValidation" class="vivekacademy.SeleniumFrameworkDesign.ErrorValidations"/>
      </group> <!-- ErrorHandling -->
    </groups>
    <test started-at="2025-06-09T23:11:46 IST" name="SubmitOrder test" finished-at="2025-06-09T23:11:46 IST" duration-ms="20">
    </test> <!-- SubmitOrder test -->
    <test started-at="2025-06-09T23:11:46 IST" name="ErrorValidation test" finished-at="2025-06-09T23:11:53 IST" duration-ms="7257">
      <class name="vivekacademy.SeleniumFrameworkDesign.ErrorValidations">
        <test-method is-config="true" signature="launchApplication()[pri:0, instance:vivekacademy.SeleniumFrameworkDesign.ErrorValidations@1165b38]" started-at="2025-06-09T23:11:46 IST" name="launchApplication" finished-at="2025-06-09T23:11:49 IST" duration-ms="3490" status="PASS">
          <reporter-output>
          </reporter-output>
        </test-method> <!-- launchApplication -->
        <test-method signature="loginErrorValidation()[pri:0, instance:vivekacademy.SeleniumFrameworkDesign.ErrorValidations@1165b38]" started-at="2025-06-09T23:11:49 IST" name="loginErrorValidation" finished-at="2025-06-09T23:11:50 IST" duration-ms="529" status="PASS">
          <reporter-output>
          </reporter-output>
        </test-method> <!-- loginErrorValidation -->
        <test-method is-config="true" signature="tearDown()[pri:0, instance:vivekacademy.SeleniumFrameworkDesign.ErrorValidations@1165b38]" started-at="2025-06-09T23:11:50 IST" name="tearDown" finished-at="2025-06-09T23:11:53 IST" duration-ms="3157" status="PASS">
          <reporter-output>
          </reporter-output>
        </test-method> <!-- tearDown -->
      </class> <!-- vivekacademy.SeleniumFrameworkDesign.ErrorValidations -->
    </test> <!-- ErrorValidation test -->
  </suite> <!-- Suite -->
</testng-results>
