<?xml version="1.0" encoding="UTF-8"?>
<testng-results ignored="0" total="2" passed="2" failed="0" skipped="0">
  <reporter-output>
  </reporter-output>
  <suite started-at="2025-06-09T23:15:02 IST" name="Default suite" finished-at="2025-06-09T23:15:25 IST" duration-ms="23597">
    <groups>
      <group name="ErrorHandling">
        <method signature="ErrorValidations.loginErrorValidation()[pri:0, instance:vivekacademy.SeleniumFrameworkDesign.ErrorValidations@217ed35e]" name="loginErrorValidation" class="vivekacademy.SeleniumFrameworkDesign.ErrorValidations"/>
      </group> <!-- ErrorHandling -->
    </groups>
    <test started-at="2025-06-09T23:15:02 IST" name="Default test" finished-at="2025-06-09T23:15:25 IST" duration-ms="23597">
      <class name="vivekacademy.SeleniumFrameworkDesign.ErrorValidations">
        <test-method is-config="true" signature="launchApplication()[pri:0, instance:vivekacademy.SeleniumFrameworkDesign.ErrorValidations@217ed35e]" started-at="2025-06-09T23:15:02 IST" name="launchApplication" finished-at="2025-06-09T23:15:05 IST" duration-ms="2903" status="PASS">
          <reporter-output>
          </reporter-output>
        </test-method> <!-- launchApplication -->
        <test-method signature="loginErrorValidation()[pri:0, instance:vivekacademy.SeleniumFrameworkDesign.ErrorValidations@217ed35e]" started-at="2025-06-09T23:15:05 IST" name="loginErrorValidation" finished-at="2025-06-09T23:15:06 IST" duration-ms="1102" status="PASS">
          <reporter-output>
          </reporter-output>
        </test-method> <!-- loginErrorValidation -->
        <test-method is-config="true" signature="tearDown()[pri:0, instance:vivekacademy.SeleniumFrameworkDesign.ErrorValidations@217ed35e]" started-at="2025-06-09T23:15:06 IST" name="tearDown" finished-at="2025-06-09T23:15:09 IST" duration-ms="3145" status="PASS">
          <reporter-output>
          </reporter-output>
        </test-method> <!-- tearDown -->
        <test-method is-config="true" signature="launchApplication()[pri:0, instance:vivekacademy.SeleniumFrameworkDesign.ErrorValidations@217ed35e]" started-at="2025-06-09T23:15:09 IST" name="launchApplication" finished-at="2025-06-09T23:15:11 IST" duration-ms="2051" status="PASS">
          <reporter-output>
          </reporter-output>
        </test-method> <!-- launchApplication -->
        <test-method signature="productErrorValidations()[pri:0, instance:vivekacademy.SeleniumFrameworkDesign.ErrorValidations@217ed35e]" started-at="2025-06-09T23:15:11 IST" name="productErrorValidations" finished-at="2025-06-09T23:15:22 IST" duration-ms="11223" status="PASS">
          <reporter-output>
          </reporter-output>
        </test-method> <!-- productErrorValidations -->
        <test-method is-config="true" signature="tearDown()[pri:0, instance:vivekacademy.SeleniumFrameworkDesign.ErrorValidations@217ed35e]" started-at="2025-06-09T23:15:22 IST" name="tearDown" finished-at="2025-06-09T23:15:25 IST" duration-ms="3105" status="PASS">
          <reporter-output>
          </reporter-output>
        </test-method> <!-- tearDown -->
      </class> <!-- vivekacademy.SeleniumFrameworkDesign.ErrorValidations -->
    </test> <!-- Default test -->
  </suite> <!-- Default suite -->
</testng-results>
