<?xml version="1.0" encoding="UTF-8"?>
<!-- Generated by org.testng.reporters.JUnitReportReporter -->
<testsuite hostname="VivekRaj" failures="0" tests="1" name="Cucumber.TestngRunnerInvalidLogin" time="9.345" errors="1" timestamp="2025-06-09T23:08:37 IST" skipped="0">
  <testcase classname="Cucumber.TestngRunnerInvalidLogin" name="runScenario" time="9.345">
    <error message="Cannot invoke &quot;vivekacademy.SeleniumFrameworkDesign.pageobjects.ConfirmationPage.confirmOrderplaced()&quot; because &quot;this.confirmationPage&quot; is null" type="java.lang.NullPointerException">
      <![CDATA[java.lang.NullPointerException: Cannot invoke "vivekacademy.SeleniumFrameworkDesign.pageobjects.ConfirmationPage.confirmOrderplaced()" because "this.confirmationPage" is null
at vivekacademy.stepDefinitions.StepDefinitionImplementation.message_displayed(StepDefinitionImplementation.java:51)
at ✽."<errorMsg>" message is displayed(file:///C:/Users/vivek/eclipse-workspace/SeleniumFrameworkDesign/src/test/java/Cucumber/ErrorValidation.feature:7)
]]>
    </error>
  </testcase> <!-- runScenario -->
</testsuite> <!-- Cucumber.TestngRunnerInvalidLogin -->
